<?xml version="1.0" encoding="UTF-8"?>
<!-- Generated by org.testng.reporters.JUnitXMLReporter -->
<testsuite hostname="Ruslans-MBP.fios-router.home" ignored="0" name="Free  CRM App Test Cases" tests="11" failures="0" timestamp="23 Oct 2019 23:45:26 GMT" time="54.525" errors="0">
  <testcase name="loginPageTitleTest" time="0.014" classname="com.crm.qa.testcases.LoginPageTest"/>
  <testcase name="verifyHomePageTitleTest" time="0.005" classname="com.crm.qa.testcases.HomePageTest"/>
  <testcase name="verifyContactsPageLabel" time="0.059" classname="com.crm.qa.testcases.ContactsPageTest"/>
  <testcase name="loginTest" time="0.291" classname="com.crm.qa.testcases.LoginPageTest"/>
  <testcase name="verifyUserNameTest" time="0.815" classname="com.crm.qa.testcases.HomePageTest"/>
  <testcase name="selectContactsTest" time="2.593" classname="com.crm.qa.testcases.ContactsPageTest"/>
  <testcase name="verifyContactsLinkTest" time="0.853" classname="com.crm.qa.testcases.HomePageTest"/>
  <testcase name="selectMultipleContactsTest" time="2.378" classname="com.crm.qa.testcases.ContactsPageTest"/>
  <testcase name="validateCreateNewContact" time="2.886" classname="com.crm.qa.testcases.ContactsPageTest"/>
  <testcase name="validateCreateNewContact" time="2.995" classname="com.crm.qa.testcases.ContactsPageTest"/>
  <testcase name="validateCreateNewContact" time="3.044" classname="com.crm.qa.testcases.ContactsPageTest"/>
</testsuite> <!-- Free  CRM App Test Cases -->
