<?xml version="1.0" encoding="UTF-8"?>
<!-- Generated by org.testng.reporters.JUnitXMLReporter -->
<testsuite hostname="Ruslans-MBP.fios-router.home" ignored="0" name="Free  CRM App Test Cases" tests="11" failures="0" timestamp="28 Oct 2019 18:40:48 GMT" time="51.404" errors="0">
  <testcase name="loginPageTitleTest" time="0.011" classname="com.crm.qa.testcases.LoginPageTest"/>
  <testcase name="verifyHomePageTitleTest" time="0.006" classname="com.crm.qa.testcases.HomePageTest"/>
  <testcase name="verifyContactsPageLabel" time="0.044" classname="com.crm.qa.testcases.ContactsPageTest"/>
  <testcase name="loginTest" time="0.311" classname="com.crm.qa.testcases.LoginPageTest"/>
  <testcase name="verifyUserNameTest" time="0.538" classname="com.crm.qa.testcases.HomePageTest"/>
  <testcase name="selectContactsTest" time="2.285" classname="com.crm.qa.testcases.ContactsPageTest"/>
  <testcase name="verifyContactsLinkTest" time="0.901" classname="com.crm.qa.testcases.HomePageTest"/>
  <testcase name="selectMultipleContactsTest" time="2.238" classname="com.crm.qa.testcases.ContactsPageTest"/>
  <testcase name="validateCreateNewContact" time="2.773" classname="com.crm.qa.testcases.ContactsPageTest"/>
  <testcase name="validateCreateNewContact" time="3.424" classname="com.crm.qa.testcases.ContactsPageTest"/>
  <testcase name="validateCreateNewContact" time="2.787" classname="com.crm.qa.testcases.ContactsPageTest"/>
</testsuite> <!-- Free  CRM App Test Cases -->
