<?xml version="1.0" encoding="UTF-8"?>
<!-- Generated by org.testng.reporters.JUnitXMLReporter -->
<testsuite hostname="Ruslans-MBP.fios-router.home" ignored="0" name="Command line test" tests="3" failures="0" timestamp="24 Oct 2019 00:29:04 GMT" time="9.883" errors="0">
  <testcase name="verifyContactsPageLabel" time="0.056" classname="com.crm.qa.testcases.ContactsPageTest"/>
  <testcase name="verifyHomePageTitleTest" time="0.004" classname="com.crm.qa.testcases.HomePageTest"/>
  <testcase name="loginPageTitleTest" time="0.007" classname="com.crm.qa.testcases.LoginPageTest"/>
</testsuite> <!-- Command line test -->
